.
----------------------------------------------------------------------
Ran 1 test in 0.001s

OK
.
----------------------------------------------------------------------
Ran 1 test in 0.001s

OK
.
----------------------------------------------------------------------
Ran 1 test in 0.001s

OK
.
----------------------------------------------------------------------
Ran 1 test in 0.001s

OK
.
----------------------------------------------------------------------
Ran 1 test in 0.001s

OK
.
----------------------------------------------------------------------
Ran 1 test in 0.001s

OK
.
----------------------------------------------------------------------
Ran 1 test in 25.477s

OK
Training with 100 features...
Iteration: 0 	 Train Accuracy: 0.6508 	 Dev Accuracy: 0.6325 	 Best Dev Accuracy: 0.6325
Iteration: 1 	 Train Accuracy: 0.5192 	 Dev Accuracy: 0.5300 	 Best Dev Accuracy: 0.6325
Iteration: 2 	 Train Accuracy: 0.5708 	 Dev Accuracy: 0.6200 	 Best Dev Accuracy: 0.6325
Iteration: 3 	 Train Accuracy: 0.7025 	 Dev Accuracy: 0.6950 	 Best Dev Accuracy: 0.6950
Iteration: 4 	 Train Accuracy: 0.7392 	 Dev Accuracy: 0.7075 	 Best Dev Accuracy: 0.7075
Iteration: 5 	 Train Accuracy: 0.6683 	 Dev Accuracy: 0.6600 	 Best Dev Accuracy: 0.7075
Iteration: 6 	 Train Accuracy: 0.5717 	 Dev Accuracy: 0.5425 	 Best Dev Accuracy: 0.7075
Iteration: 7 	 Train Accuracy: 0.6075 	 Dev Accuracy: 0.5900 	 Best Dev Accuracy: 0.7075
Iteration: 8 	 Train Accuracy: 0.7283 	 Dev Accuracy: 0.6950 	 Best Dev Accuracy: 0.7075
Iteration: 9 	 Train Accuracy: 0.6067 	 Dev Accuracy: 0.6025 	 Best Dev Accuracy: 0.7075
Iteration: 10 	 Train Accuracy: 0.7317 	 Dev Accuracy: 0.7225 	 Best Dev Accuracy: 0.7225
Iteration: 11 	 Train Accuracy: 0.7200 	 Dev Accuracy: 0.6875 	 Best Dev Accuracy: 0.7225
Iteration: 12 	 Train Accuracy: 0.7508 	 Dev Accuracy: 0.7200 	 Best Dev Accuracy: 0.7225
Iteration: 13 	 Train Accuracy: 0.7283 	 Dev Accuracy: 0.6975 	 Best Dev Accuracy: 0.7225
Iteration: 14 	 Train Accuracy: 0.6583 	 Dev Accuracy: 0.6475 	 Best Dev Accuracy: 0.7225
Iteration: 15 	 Train Accuracy: 0.6458 	 Dev Accuracy: 0.6525 	 Best Dev Accuracy: 0.7225
Iteration: 16 	 Train Accuracy: 0.7292 	 Dev Accuracy: 0.7050 	 Best Dev Accuracy: 0.7225
Iteration: 17 	 Train Accuracy: 0.6092 	 Dev Accuracy: 0.5925 	 Best Dev Accuracy: 0.7225
Iteration: 18 	 Train Accuracy: 0.7383 	 Dev Accuracy: 0.7075 	 Best Dev Accuracy: 0.7225
Iteration: 19 	 Train Accuracy: 0.6058 	 Dev Accuracy: 0.5900 	 Best Dev Accuracy: 0.7225
Training with 1000 features...
Iteration: 0 	 Train Accuracy: 0.6008 	 Dev Accuracy: 0.5800 	 Best Dev Accuracy: 0.5800
Iteration: 1 	 Train Accuracy: 0.7625 	 Dev Accuracy: 0.7125 	 Best Dev Accuracy: 0.7125
Iteration: 2 	 Train Accuracy: 0.7908 	 Dev Accuracy: 0.7100 	 Best Dev Accuracy: 0.7125
Iteration: 3 	 Train Accuracy: 0.7308 	 Dev Accuracy: 0.7100 	 Best Dev Accuracy: 0.7125
Iteration: 4 	 Train Accuracy: 0.7058 	 Dev Accuracy: 0.6850 	 Best Dev Accuracy: 0.7125
Iteration: 5 	 Train Accuracy: 0.7200 	 Dev Accuracy: 0.6875 	 Best Dev Accuracy: 0.7125
Iteration: 6 	 Train Accuracy: 0.7942 	 Dev Accuracy: 0.7550 	 Best Dev Accuracy: 0.7550
Iteration: 7 	 Train Accuracy: 0.7767 	 Dev Accuracy: 0.7275 	 Best Dev Accuracy: 0.7550
Iteration: 8 	 Train Accuracy: 0.8467 	 Dev Accuracy: 0.7650 	 Best Dev Accuracy: 0.7650
Iteration: 9 	 Train Accuracy: 0.8525 	 Dev Accuracy: 0.7800 	 Best Dev Accuracy: 0.7800
Iteration: 10 	 Train Accuracy: 0.7633 	 Dev Accuracy: 0.6975 	 Best Dev Accuracy: 0.7800
Iteration: 11 	 Train Accuracy: 0.5158 	 Dev Accuracy: 0.5325 	 Best Dev Accuracy: 0.7800
Iteration: 12 	 Train Accuracy: 0.8675 	 Dev Accuracy: 0.7575 	 Best Dev Accuracy: 0.7800
Iteration: 13 	 Train Accuracy: 0.6300 	 Dev Accuracy: 0.6150 	 Best Dev Accuracy: 0.7800
Iteration: 14 	 Train Accuracy: 0.9092 	 Dev Accuracy: 0.8075 	 Best Dev Accuracy: 0.8075
Iteration: 15 	 Train Accuracy: 0.8983 	 Dev Accuracy: 0.8050 	 Best Dev Accuracy: 0.8075
Iteration: 16 	 Train Accuracy: 0.8742 	 Dev Accuracy: 0.7875 	 Best Dev Accuracy: 0.8075
Iteration: 17 	 Train Accuracy: 0.8308 	 Dev Accuracy: 0.7375 	 Best Dev Accuracy: 0.8075
Iteration: 18 	 Train Accuracy: 0.9167 	 Dev Accuracy: 0.8075 	 Best Dev Accuracy: 0.8075
Iteration: 19 	 Train Accuracy: 0.7892 	 Dev Accuracy: 0.7475 	 Best Dev Accuracy: 0.8075
Training with 10000 features...
Iteration: 0 	 Train Accuracy: 0.7250 	 Dev Accuracy: 0.6850 	 Best Dev Accuracy: 0.6850
Iteration: 1 	 Train Accuracy: 0.8033 	 Dev Accuracy: 0.7225 	 Best Dev Accuracy: 0.7225
Iteration: 2 	 Train Accuracy: 0.8267 	 Dev Accuracy: 0.7700 	 Best Dev Accuracy: 0.7700
Iteration: 3 	 Train Accuracy: 0.5933 	 Dev Accuracy: 0.5725 	 Best Dev Accuracy: 0.7700
Iteration: 4 	 Train Accuracy: 0.7967 	 Dev Accuracy: 0.7150 	 Best Dev Accuracy: 0.7700
Iteration: 5 	 Train Accuracy: 0.8725 	 Dev Accuracy: 0.7800 	 Best Dev Accuracy: 0.7800
Iteration: 6 	 Train Accuracy: 0.8917 	 Dev Accuracy: 0.7800 	 Best Dev Accuracy: 0.7800
Iteration: 7 	 Train Accuracy: 0.9450 	 Dev Accuracy: 0.8250 	 Best Dev Accuracy: 0.8250
Iteration: 8 	 Train Accuracy: 0.8900 	 Dev Accuracy: 0.7750 	 Best Dev Accuracy: 0.8250
Iteration: 9 	 Train Accuracy: 0.9233 	 Dev Accuracy: 0.7800 	 Best Dev Accuracy: 0.8250
Iteration: 10 	 Train Accuracy: 0.9075 	 Dev Accuracy: 0.7975 	 Best Dev Accuracy: 0.8250
Iteration: 11 	 Train Accuracy: 0.5992 	 Dev Accuracy: 0.6000 	 Best Dev Accuracy: 0.8250
Iteration: 12 	 Train Accuracy: 0.9717 	 Dev Accuracy: 0.8150 	 Best Dev Accuracy: 0.8250
Iteration: 13 	 Train Accuracy: 0.9283 	 Dev Accuracy: 0.8000 	 Best Dev Accuracy: 0.8250
Iteration: 14 	 Train Accuracy: 0.6592 	 Dev Accuracy: 0.6250 	 Best Dev Accuracy: 0.8250
Iteration: 15 	 Train Accuracy: 0.9600 	 Dev Accuracy: 0.8000 	 Best Dev Accuracy: 0.8250
Iteration: 16 	 Train Accuracy: 0.9800 	 Dev Accuracy: 0.8100 	 Best Dev Accuracy: 0.8250
Iteration: 17 	 Train Accuracy: 0.8642 	 Dev Accuracy: 0.7400 	 Best Dev Accuracy: 0.8250
Iteration: 18 	 Train Accuracy: 0.8558 	 Dev Accuracy: 0.7575 	 Best Dev Accuracy: 0.8250
Iteration: 19 	 Train Accuracy: 0.9858 	 Dev Accuracy: 0.8225 	 Best Dev Accuracy: 0.8250
Best classifier with 10000 features: 	 Train Accuracy: 0.9450 	 Dev Accuracy: 0.8250
Best number of features: 10000 
Top features for positive class:
[('life', 297), ('seen', 258), ('great', 227), ('very', 224), ('see', 211), ('you', 203), ('also', 203), ('quite', 196), ('best', 190), ('many', 184)]
Top features for negative class:
[('bad', -509), ('only', -292), ('any', -260), ('here', -231), ('no', -223), ('unfortunately', -221), ('worst', -211), ('script', -207), ('looks', -200), ('nothing', -196)]
Test score for best setting: 0.7875
.
----------------------------------------------------------------------
Ran 1 test in 27.030s

OK
Training with 100 features...
Iteration: 0 	 Train Accuracy: 0.5925 	 Dev Accuracy: 0.5950 	 Best Dev Accuracy: 0.5950
Iteration: 1 	 Train Accuracy: 0.5517 	 Dev Accuracy: 0.5175 	 Best Dev Accuracy: 0.5950
Iteration: 2 	 Train Accuracy: 0.7100 	 Dev Accuracy: 0.6900 	 Best Dev Accuracy: 0.6900
Iteration: 3 	 Train Accuracy: 0.6442 	 Dev Accuracy: 0.6300 	 Best Dev Accuracy: 0.6900
Iteration: 4 	 Train Accuracy: 0.6950 	 Dev Accuracy: 0.6900 	 Best Dev Accuracy: 0.6900
Iteration: 5 	 Train Accuracy: 0.6083 	 Dev Accuracy: 0.6075 	 Best Dev Accuracy: 0.6900
Iteration: 6 	 Train Accuracy: 0.6442 	 Dev Accuracy: 0.6450 	 Best Dev Accuracy: 0.6900
Iteration: 7 	 Train Accuracy: 0.6292 	 Dev Accuracy: 0.6175 	 Best Dev Accuracy: 0.6900
Iteration: 8 	 Train Accuracy: 0.7200 	 Dev Accuracy: 0.6900 	 Best Dev Accuracy: 0.6900
Iteration: 9 	 Train Accuracy: 0.5708 	 Dev Accuracy: 0.5550 	 Best Dev Accuracy: 0.6900
Iteration: 10 	 Train Accuracy: 0.7267 	 Dev Accuracy: 0.7250 	 Best Dev Accuracy: 0.7250
Iteration: 11 	 Train Accuracy: 0.7275 	 Dev Accuracy: 0.6900 	 Best Dev Accuracy: 0.7250
Iteration: 12 	 Train Accuracy: 0.6067 	 Dev Accuracy: 0.5875 	 Best Dev Accuracy: 0.7250
Iteration: 13 	 Train Accuracy: 0.7383 	 Dev Accuracy: 0.7100 	 Best Dev Accuracy: 0.7250
Iteration: 14 	 Train Accuracy: 0.6492 	 Dev Accuracy: 0.6500 	 Best Dev Accuracy: 0.7250
Iteration: 15 	 Train Accuracy: 0.5242 	 Dev Accuracy: 0.5150 	 Best Dev Accuracy: 0.7250
Iteration: 16 	 Train Accuracy: 0.6517 	 Dev Accuracy: 0.6550 	 Best Dev Accuracy: 0.7250
Iteration: 17 	 Train Accuracy: 0.5883 	 Dev Accuracy: 0.5650 	 Best Dev Accuracy: 0.7250
Iteration: 18 	 Train Accuracy: 0.7492 	 Dev Accuracy: 0.7250 	 Best Dev Accuracy: 0.7250
Iteration: 19 	 Train Accuracy: 0.6958 	 Dev Accuracy: 0.6675 	 Best Dev Accuracy: 0.7250
Training with 1000 features...
Iteration: 0 	 Train Accuracy: 0.4908 	 Dev Accuracy: 0.5050 	 Best Dev Accuracy: 0.5050
Iteration: 1 	 Train Accuracy: 0.5208 	 Dev Accuracy: 0.5275 	 Best Dev Accuracy: 0.5275
Iteration: 2 	 Train Accuracy: 0.5500 	 Dev Accuracy: 0.5425 	 Best Dev Accuracy: 0.5425
Iteration: 3 	 Train Accuracy: 0.7983 	 Dev Accuracy: 0.7400 	 Best Dev Accuracy: 0.7400
Iteration: 4 	 Train Accuracy: 0.7258 	 Dev Accuracy: 0.7025 	 Best Dev Accuracy: 0.7400
Iteration: 5 	 Train Accuracy: 0.8533 	 Dev Accuracy: 0.7875 	 Best Dev Accuracy: 0.7875
Iteration: 6 	 Train Accuracy: 0.8175 	 Dev Accuracy: 0.7575 	 Best Dev Accuracy: 0.7875
Iteration: 7 	 Train Accuracy: 0.8608 	 Dev Accuracy: 0.7775 	 Best Dev Accuracy: 0.7875
Iteration: 8 	 Train Accuracy: 0.5633 	 Dev Accuracy: 0.5475 	 Best Dev Accuracy: 0.7875
Iteration: 9 	 Train Accuracy: 0.5883 	 Dev Accuracy: 0.5975 	 Best Dev Accuracy: 0.7875
Iteration: 10 	 Train Accuracy: 0.8617 	 Dev Accuracy: 0.7750 	 Best Dev Accuracy: 0.7875
Iteration: 11 	 Train Accuracy: 0.7733 	 Dev Accuracy: 0.7325 	 Best Dev Accuracy: 0.7875
Iteration: 12 	 Train Accuracy: 0.6417 	 Dev Accuracy: 0.6350 	 Best Dev Accuracy: 0.7875
Iteration: 13 	 Train Accuracy: 0.8267 	 Dev Accuracy: 0.7600 	 Best Dev Accuracy: 0.7875
Iteration: 14 	 Train Accuracy: 0.8933 	 Dev Accuracy: 0.8075 	 Best Dev Accuracy: 0.8075
Iteration: 15 	 Train Accuracy: 0.7908 	 Dev Accuracy: 0.7350 	 Best Dev Accuracy: 0.8075
Iteration: 16 	 Train Accuracy: 0.8867 	 Dev Accuracy: 0.7775 	 Best Dev Accuracy: 0.8075
Iteration: 17 	 Train Accuracy: 0.7625 	 Dev Accuracy: 0.7150 	 Best Dev Accuracy: 0.8075
Iteration: 18 	 Train Accuracy: 0.9192 	 Dev Accuracy: 0.8000 	 Best Dev Accuracy: 0.8075
Iteration: 19 	 Train Accuracy: 0.8517 	 Dev Accuracy: 0.7725 	 Best Dev Accuracy: 0.8075
Training with 10000 features...
Iteration: 0 	 Train Accuracy: 0.4917 	 Dev Accuracy: 0.5025 	 Best Dev Accuracy: 0.5025
Iteration: 1 	 Train Accuracy: 0.6833 	 Dev Accuracy: 0.6425 	 Best Dev Accuracy: 0.6425
Iteration: 2 	 Train Accuracy: 0.8650 	 Dev Accuracy: 0.7950 	 Best Dev Accuracy: 0.7950
Iteration: 3 	 Train Accuracy: 0.6633 	 Dev Accuracy: 0.6450 	 Best Dev Accuracy: 0.7950
Iteration: 4 	 Train Accuracy: 0.7508 	 Dev Accuracy: 0.6875 	 Best Dev Accuracy: 0.7950
Iteration: 5 	 Train Accuracy: 0.8917 	 Dev Accuracy: 0.7800 	 Best Dev Accuracy: 0.7950
Iteration: 6 	 Train Accuracy: 0.8275 	 Dev Accuracy: 0.7475 	 Best Dev Accuracy: 0.7950
Iteration: 7 	 Train Accuracy: 0.8908 	 Dev Accuracy: 0.7975 	 Best Dev Accuracy: 0.7975
Iteration: 8 	 Train Accuracy: 0.8842 	 Dev Accuracy: 0.7775 	 Best Dev Accuracy: 0.7975
Iteration: 9 	 Train Accuracy: 0.8675 	 Dev Accuracy: 0.7550 	 Best Dev Accuracy: 0.7975
Iteration: 10 	 Train Accuracy: 0.8092 	 Dev Accuracy: 0.7200 	 Best Dev Accuracy: 0.7975
Iteration: 11 	 Train Accuracy: 0.9133 	 Dev Accuracy: 0.7975 	 Best Dev Accuracy: 0.7975
Iteration: 12 	 Train Accuracy: 0.9683 	 Dev Accuracy: 0.8350 	 Best Dev Accuracy: 0.8350
Iteration: 13 	 Train Accuracy: 0.9008 	 Dev Accuracy: 0.7575 	 Best Dev Accuracy: 0.8350
Iteration: 14 	 Train Accuracy: 0.9675 	 Dev Accuracy: 0.8125 	 Best Dev Accuracy: 0.8350
Iteration: 15 	 Train Accuracy: 0.9783 	 Dev Accuracy: 0.8450 	 Best Dev Accuracy: 0.8450
Iteration: 16 	 Train Accuracy: 0.9508 	 Dev Accuracy: 0.7800 	 Best Dev Accuracy: 0.8450
Iteration: 17 	 Train Accuracy: 0.9575 	 Dev Accuracy: 0.8200 	 Best Dev Accuracy: 0.8450
Iteration: 18 	 Train Accuracy: 0.9900 	 Dev Accuracy: 0.8325 	 Best Dev Accuracy: 0.8450
Iteration: 19 	 Train Accuracy: 0.9817 	 Dev Accuracy: 0.8325 	 Best Dev Accuracy: 0.8450
Best classifier with 10000 features: 	 Train Accuracy: 0.9783 	 Dev Accuracy: 0.8450
Best number of features: 10000 
Top features for positive class:
[('seen', 362), ('life', 308), ('quite', 291), ('very', 277), ('see', 270), ('good', 261), ('also', 255), ('fun', 251), ('best', 243), ('great', 242)]
Top features for negative class:
[('bad', -606), ('only', -373), ('worst', -338), ('any', -316), ('no', -301), ('unfortunately', -297), ('nothing', -281), ('boring', -274), ('here', -259), ('looks', -252)]
Test score for best setting: 0.8125
