.
----------------------------------------------------------------------
Ran 1 test in 0.000s

OK
Preparing tests...
.
----------------------------------------------------------------------
Ran 1 test in 3.732s

OK
Preparing tests...
.
----------------------------------------------------------------------
Ran 1 test in 0.000s

OK
Preparing tests...
.
----------------------------------------------------------------------
Ran 1 test in 0.000s

OK
Preparing tests...
.
----------------------------------------------------------------------
Ran 1 test in 0.000s

OK
Preparing tests...
.
----------------------------------------------------------------------
Ran 1 test in 21.773s

OK
Preparing tests...
